#
# A fatal error has been detected by the Java Runtime Environment:
#
#  EXCEPTION_ACCESS_VIOLATION (0xc0000005) at pc=0x00007fff3f669fe1, pid=1508, tid=1200
#
# JRE version: Java(TM) SE Runtime Environment 18.9 (11.0.12+8) (build 11.0.12+8-LTS-237)
# Java VM: Java HotSpot(TM) 64-Bit Server VM 18.9 (11.0.12+8-LTS-237, mixed mode, tiered, compressed oops, g1 gc, windows-amd64)
# Problematic frame:
# V  [jvm.dll+0x2f9fe1]
#
# No core dump will be written. Minidumps are not enabled by default on client versions of Windows
#
# If you would like to submit a bug report, please visit:
#   https://bugreport.java.com/bugreport/crash.jsp
#

---------------  S U M M A R Y ------------

Command Line: -javaagent:D:\Program Files\JetBrains\IntelliJ IDEA Community Edition 2021.2.1\lib\idea_rt.jar=56908:D:\Program Files\JetBrains\IntelliJ IDEA Community Edition 2021.2.1\bin -Dfile.encoding=UTF-8 numbers.Main

Host: Intel(R) Core(TM) i7-6500U CPU @ 2.50GHz, 4 cores, 11G,  Windows 10 , 64 bit Build 19041 (10.0.19041.1348)
Time: Sun Nov 28 20:03:55 2021 Hora oficial do Brasil elapsed time: 20.910366 seconds (0d 0h 0m 20s)

---------------  T H R E A D  ---------------

Current thread (0x000001e32d731000):  GCTaskThread "GC Thread#3" [stack: 0x000000065a600000,0x000000065a700000] [id=1200]

Stack: [0x000000065a600000,0x000000065a700000],  sp=0x000000065a6fef70,  free space=1019k
Native frames: (J=compiled Java code, j=interpreted, Vv=VM code, C=native code)
V  [jvm.dll+0x2f9fe1]
V  [jvm.dll+0x2f994d]
V  [jvm.dll+0x2f80c3]
V  [jvm.dll+0x2f7d0e]
V  [jvm.dll+0x1cdc24]
V  [jvm.dll+0x1cdcb3]
V  [jvm.dll+0x2f7bb7]
V  [jvm.dll+0x1ce81a]
V  [jvm.dll+0x3092fb]
V  [jvm.dll+0x308e24]
V  [jvm.dll+0x2d9bb3]
V  [jvm.dll+0x77b840]
V  [jvm.dll+0x70f064]
V  [jvm.dll+0x616f66]
C  [ucrtbase.dll+0x21bb2]
C  [KERNEL32.DLL+0x17034]
C  [ntdll.dll+0x52651]


siginfo: EXCEPTION_ACCESS_VIOLATION (0xc0000005), reading address 0xffffffffffffffff


Register to memory mapping:

RIP=0x00007fff3f669fe1 jvm.dll
RAX=0x0000000038000000 is an unknown value
RBX=0x000000074620be01 is pointing into object: java.lang.String 
{0x000000074620bdf0} - klass: 'java/lang/String'
RCX=0x000001e32eb7c420 points into unknown readable memory: 0x00007fff3fbc5c80 | 80 5c bc 3f ff 7f 00 00
RDX=0x0000000748f37460 is an oop: 
[error occurred during error reporting (printing register info), id 0xc0000005, EXCEPTION_ACCESS_VIOLATION (0xc0000005) at pc=0x00007fff3f97501d]

Registers:
RAX=0x0000000038000000, RBX=0x000000074620be01, RCX=0x000001e32eb7c420, RDX=0x0000000748f37460
RSP=0x000000065a6fef70, RBP=0x0000000748f37460, RSI=0x0000000000000000, RDI=0x0000000000000001
R8 =0x0000000800000821, R9 =0x00007fff3fd39490, R10=0x0000000000000000, R11=0x000001e32dc1dfa0
R12=0x0000000000000025, R13=0x0000000000980201, R14=0x0000000748f37460, R15=0x000001e32eb7c2b0
RIP=0x00007fff3f669fe1, EFLAGS=0x0000000000010206

Top of Stack: (sp=0x000000065a6fef70)
0x000000065a6fef70:   000000074620be01 0000000748f37460
0x000000065a6fef80:   0000000000000000 00007fff3f669e52
0x000000065a6fef90:   0000000000000025 0000000748f37460
0x000000065a6fefa0:   0000000000000025 0000000000000004
0x000000065a6fefb0:   000001e32eb7c2b0 00007fff3f66994d
0x000000065a6fefc0:   0000000000000000 000000074620be01
0x000000065a6fefd0:   000001e32eb7c2b0 0000000748f37460
0x000000065a6fefe0:   00000000000000fe 00007fff3f6412d4
0x000000065a6feff0:   0000000046209202 000001e32d05dc00
0x000000065a6ff000:   000001e32eb7c2b0 0000000000000040
0x000000065a6ff010:   000001e30bbd5040 0000000000000040
0x000000065a6ff020:   0000000000000000 000001e30bbd4fc0
0x000000065a6ff030:   0000000000000020 00007fff3f6680c3
0x000000065a6ff040:   000001e32eb7c200 000001e30bbd5000
0x000000065a6ff050:   0000000000000000 000000074620befc
0x000000065a6ff060:   0000000000000000 000000074620befd 

Instructions: (pc=0x00007fff3f669fe1)
0x00007fff3f669fc1:   05 0a b1 6e 00 eb 04 4c 8b 45 08 49 63 40 0c 4c
0x00007fff3f669fd1:   8d 0d b9 f4 6c 00 49 8d 8f 70 01 00 00 48 8b d5
0x00007fff3f669fe1:   41 ff 14 c1 48 8b c5 48 83 c4 30 41 5f 41 5c 5d
0x00007fff3f669ff1:   c3 cc cc cc cc cc cc cc cc cc cc cc cc cc cc 48 


Stack slot to memory mapping:
stack at sp + 0 slots: 0x000000074620be01 is pointing into object: java.lang.String 
{0x000000074620bdf0} - klass: 'java/lang/String'
stack at sp + 1 slots: 0x0000000748f37460 is an oop: 
[error occurred during error reporting (inspecting top of stack), id 0xc0000005, EXCEPTION_ACCESS_VIOLATION (0xc0000005) at pc=0x00007fff3f97501d]


---------------  P R O C E S S  ---------------

Threads class SMR info:
_java_thread_list=0x000001e32d0409f0, length=11, elements={
0x000001e30bbbb800, 0x000001e32c6f7800, 0x000001e32c701800, 0x000001e32c70c000,
0x000001e32c70d800, 0x000001e32cf73800, 0x000001e32cf78800, 0x000001e32cf7e000,
0x000001e32cf84800, 0x000001e32d0f9000, 0x000001e32d4a8800
}

Java Threads: ( => current thread )
  0x000001e30bbbb800 JavaThread "main" [_thread_blocked, id=9808, stack(0x0000000659100000,0x0000000659200000)]
  0x000001e32c6f7800 JavaThread "Reference Handler" daemon [_thread_blocked, id=10972, stack(0x0000000659800000,0x0000000659900000)]
  0x000001e32c701800 JavaThread "Finalizer" daemon [_thread_blocked, id=1196, stack(0x0000000659900000,0x0000000659a00000)]
  0x000001e32c70c000 JavaThread "Signal Dispatcher" daemon [_thread_blocked, id=13696, stack(0x0000000659a00000,0x0000000659b00000)]
  0x000001e32c70d800 JavaThread "Attach Listener" daemon [_thread_blocked, id=372, stack(0x0000000659b00000,0x0000000659c00000)]
  0x000001e32cf73800 JavaThread "Service Thread" daemon [_thread_blocked, id=8024, stack(0x0000000659c00000,0x0000000659d00000)]
  0x000001e32cf78800 JavaThread "C2 CompilerThread0" daemon [_thread_blocked, id=3020, stack(0x0000000659d00000,0x0000000659e00000)]
  0x000001e32cf7e000 JavaThread "C1 CompilerThread0" daemon [_thread_blocked, id=14596, stack(0x0000000659e00000,0x0000000659f00000)]
  0x000001e32cf84800 JavaThread "Sweeper thread" daemon [_thread_blocked, id=12232, stack(0x0000000659f00000,0x000000065a000000)]
  0x000001e32d0f9000 JavaThread "Common-Cleaner" daemon [_thread_blocked, id=10388, stack(0x000000065a000000,0x000000065a100000)]
  0x000001e32d4a8800 JavaThread "Monitor Ctrl-Break" daemon [_thread_in_native, id=9196, stack(0x000000065a200000,0x000000065a300000)]

Other Threads:
  0x000001e32c6f2800 VMThread "VM Thread" [stack: 0x0000000659700000,0x0000000659800000] [id=9324]
  0x000001e32d4b6000 WatcherThread [stack: 0x000000065a300000,0x000000065a400000] [id=15012]
  0x000001e30bbd4000 GCTaskThread "GC Thread#0" [stack: 0x0000000659200000,0x0000000659300000] [id=12244]
  0x000001e32d72f800 GCTaskThread "GC Thread#1" [stack: 0x000000065a400000,0x000000065a500000] [id=12044]
  0x000001e32d730000 GCTaskThread "GC Thread#2" [stack: 0x000000065a500000,0x000000065a600000] [id=13660]
=>0x000001e32d731000 GCTaskThread "GC Thread#3" [stack: 0x000000065a600000,0x000000065a700000] [id=1200]
  0x000001e30bc19800 ConcurrentGCThread "G1 Main Marker" [stack: 0x0000000659300000,0x0000000659400000] [id=14544]
  0x000001e30bc1c000 ConcurrentGCThread "G1 Conc#0" [stack: 0x0000000659400000,0x0000000659500000] [id=14720]
  0x000001e30bc9e000 ConcurrentGCThread "G1 Refine#0" [stack: 0x0000000659500000,0x0000000659600000] [id=1532]
  0x000001e32c55c800 ConcurrentGCThread "G1 Young RemSet Sampling" [stack: 0x0000000659600000,0x0000000659700000] [id=14172]

Threads with active compile tasks:
C2 CompilerThread0  20955  602 %     4       numbers.Main::main @ 491 (1081 bytes)

VM state:at safepoint (normal execution)

VM Mutex/Monitor currently owned by a thread:  ([mutex/lock_event])
[0x000001e30bbba550] Threads_lock - owner thread: 0x000001e32c6f2800
[0x000001e30bbb86f0] Heap_lock - owner thread: 0x000001e30bbbb800

Heap address: 0x0000000741600000, size: 3050 MB, Compressed Oops mode: Zero based, Oop shift amount: 3
Narrow klass base: 0x0000000800000000, Narrow klass shift: 0
Compressed class space size: 1073741824 Address: 0x0000000800000000

Heap:
 garbage-first heap   total 196608K, used 117709K [0x0000000741600000, 0x0000000800000000)
  region size 1024K, 114 young (116736K), 2 survivors (2048K)
 Metaspace       used 8290K, capacity 8505K, committed 8832K, reserved 1056768K
  class space    used 733K, capacity 772K, committed 896K, reserved 1048576K
Heap Regions: E=young(eden), S=young(survivor), O=old, HS=humongous(starts), HC=humongous(continues), CS=collection set, F=free, A=archive, TAMS=top-at-mark-start (previous, next)
|   0|0x0000000741600000, 0x0000000741700000, 0x0000000741700000|100%| O|  |TAMS 0x0000000741600000, 0x0000000741600000| Untracked 
|   1|0x0000000741700000, 0x00000007417c55c8, 0x0000000741800000| 77%| O|  |TAMS 0x0000000741700000, 0x0000000741700000| Untracked 
|   2|0x0000000741800000, 0x0000000741800000, 0x0000000741900000|  0%| F|  |TAMS 0x0000000741800000, 0x0000000741800000| Untracked 
|   3|0x0000000741900000, 0x0000000741900000, 0x0000000741a00000|  0%| F|  |TAMS 0x0000000741900000, 0x0000000741900000| Untracked 
|   4|0x0000000741a00000, 0x0000000741a00000, 0x0000000741b00000|  0%| F|  |TAMS 0x0000000741a00000, 0x0000000741a00000| Untracked 
|   5|0x0000000741b00000, 0x0000000741b00000, 0x0000000741c00000|  0%| F|  |TAMS 0x0000000741b00000, 0x0000000741b00000| Untracked 
|   6|0x0000000741c00000, 0x0000000741c00000, 0x0000000741d00000|  0%| F|  |TAMS 0x0000000741c00000, 0x0000000741c00000| Untracked 
|   7|0x0000000741d00000, 0x0000000741d00000, 0x0000000741e00000|  0%| F|  |TAMS 0x0000000741d00000, 0x0000000741d00000| Untracked 
|   8|0x0000000741e00000, 0x0000000741e00000, 0x0000000741f00000|  0%| F|  |TAMS 0x0000000741e00000, 0x0000000741e00000| Untracked 
|   9|0x0000000741f00000, 0x0000000741f00000, 0x0000000742000000|  0%| F|  |TAMS 0x0000000741f00000, 0x0000000741f00000| Untracked 
|  10|0x0000000742000000, 0x0000000742000000, 0x0000000742100000|  0%| F|  |TAMS 0x0000000742000000, 0x0000000742000000| Untracked 
|  11|0x0000000742100000, 0x0000000742100000, 0x0000000742200000|  0%| F|  |TAMS 0x0000000742100000, 0x0000000742100000| Untracked 
|  12|0x0000000742200000, 0x0000000742200000, 0x0000000742300000|  0%| F|  |TAMS 0x0000000742200000, 0x0000000742200000| Untracked 
|  13|0x0000000742300000, 0x0000000742300000, 0x0000000742400000|  0%| F|  |TAMS 0x0000000742300000, 0x0000000742300000| Untracked 
|  14|0x0000000742400000, 0x0000000742400000, 0x0000000742500000|  0%| F|  |TAMS 0x0000000742400000, 0x0000000742400000| Untracked 
|  15|0x0000000742500000, 0x0000000742500000, 0x0000000742600000|  0%| F|  |TAMS 0x0000000742500000, 0x0000000742500000| Untracked 
|  16|0x0000000742600000, 0x0000000742600000, 0x0000000742700000|  0%| F|  |TAMS 0x0000000742600000, 0x0000000742600000| Untracked 
|  17|0x0000000742700000, 0x0000000742700000, 0x0000000742800000|  0%| F|  |TAMS 0x0000000742700000, 0x0000000742700000| Untracked 
|  18|0x0000000742800000, 0x0000000742800000, 0x0000000742900000|  0%| F|  |TAMS 0x0000000742800000, 0x0000000742800000| Untracked 
|  19|0x0000000742900000, 0x0000000742900000, 0x0000000742a00000|  0%| F|  |TAMS 0x0000000742900000, 0x0000000742900000| Untracked 
|  20|0x0000000742a00000, 0x0000000742a00000, 0x0000000742b00000|  0%| F|  |TAMS 0x0000000742a00000, 0x0000000742a00000| Untracked 
|  21|0x0000000742b00000, 0x0000000742b00000, 0x0000000742c00000|  0%| F|  |TAMS 0x0000000742b00000, 0x0000000742b00000| Untracked 
|  22|0x0000000742c00000, 0x0000000742c00000, 0x0000000742d00000|  0%| F|  |TAMS 0x0000000742c00000, 0x0000000742c00000| Untracked 
|  23|0x0000000742d00000, 0x0000000742d00000, 0x0000000742e00000|  0%| F|  |TAMS 0x0000000742d00000, 0x0000000742d00000| Untracked 
|  24|0x0000000742e00000, 0x0000000742e00000, 0x0000000742f00000|  0%| F|  |TAMS 0x0000000742e00000, 0x0000000742e00000| Untracked 
|  25|0x0000000742f00000, 0x0000000742f00000, 0x0000000743000000|  0%| F|  |TAMS 0x0000000742f00000, 0x0000000742f00000| Untracked 
|  26|0x0000000743000000, 0x0000000743000000, 0x0000000743100000|  0%| F|  |TAMS 0x0000000743000000, 0x0000000743000000| Untracked 
|  27|0x0000000743100000, 0x0000000743100000, 0x0000000743200000|  0%| F|  |TAMS 0x0000000743100000, 0x0000000743100000| Untracked 
|  28|0x0000000743200000, 0x0000000743200000, 0x0000000743300000|  0%| F|  |TAMS 0x0000000743200000, 0x0000000743200000| Untracked 
|  29|0x0000000743300000, 0x0000000743300000, 0x0000000743400000|  0%| F|  |TAMS 0x0000000743300000, 0x0000000743300000| Untracked 
|  30|0x0000000743400000, 0x0000000743400000, 0x0000000743500000|  0%| F|  |TAMS 0x0000000743400000, 0x0000000743400000| Untracked 
|  31|0x0000000743500000, 0x0000000743500000, 0x0000000743600000|  0%| F|  |TAMS 0x0000000743500000, 0x0000000743500000| Untracked 
|  32|0x0000000743600000, 0x0000000743600000, 0x0000000743700000|  0%| F|  |TAMS 0x0000000743600000, 0x0000000743600000| Untracked 
|  33|0x0000000743700000, 0x0000000743700000, 0x0000000743800000|  0%| F|  |TAMS 0x0000000743700000, 0x0000000743700000| Untracked 
|  34|0x0000000743800000, 0x0000000743800000, 0x0000000743900000|  0%| F|  |TAMS 0x0000000743800000, 0x0000000743800000| Untracked 
|  35|0x0000000743900000, 0x0000000743900000, 0x0000000743a00000|  0%| F|  |TAMS 0x0000000743900000, 0x0000000743900000| Untracked 
|  36|0x0000000743a00000, 0x0000000743a00000, 0x0000000743b00000|  0%| F|  |TAMS 0x0000000743a00000, 0x0000000743a00000| Untracked 
|  37|0x0000000743b00000, 0x0000000743b00000, 0x0000000743c00000|  0%| F|  |TAMS 0x0000000743b00000, 0x0000000743b00000| Untracked 
|  38|0x0000000743c00000, 0x0000000743c00000, 0x0000000743d00000|  0%| F|  |TAMS 0x0000000743c00000, 0x0000000743c00000| Untracked 
|  39|0x0000000743d00000, 0x0000000743d00000, 0x0000000743e00000|  0%| F|  |TAMS 0x0000000743d00000, 0x0000000743d00000| Untracked 
|  40|0x0000000743e00000, 0x0000000743e00000, 0x0000000743f00000|  0%| F|  |TAMS 0x0000000743e00000, 0x0000000743e00000| Untracked 
|  41|0x0000000743f00000, 0x0000000743f00000, 0x0000000744000000|  0%| F|  |TAMS 0x0000000743f00000, 0x0000000743f00000| Untracked 
|  42|0x0000000744000000, 0x0000000744000000, 0x0000000744100000|  0%| F|  |TAMS 0x0000000744000000, 0x0000000744000000| Untracked 
|  43|0x0000000744100000, 0x0000000744100000, 0x0000000744200000|  0%| F|  |TAMS 0x0000000744100000, 0x0000000744100000| Untracked 
|  44|0x0000000744200000, 0x0000000744200000, 0x0000000744300000|  0%| F|  |TAMS 0x0000000744200000, 0x0000000744200000| Untracked 
|  45|0x0000000744300000, 0x0000000744300000, 0x0000000744400000|  0%| F|  |TAMS 0x0000000744300000, 0x0000000744300000| Untracked 
|  46|0x0000000744400000, 0x0000000744400000, 0x0000000744500000|  0%| F|  |TAMS 0x0000000744400000, 0x0000000744400000| Untracked 
|  47|0x0000000744500000, 0x0000000744500000, 0x0000000744600000|  0%| F|  |TAMS 0x0000000744500000, 0x0000000744500000| Untracked 
|  48|0x0000000744600000, 0x0000000744600000, 0x0000000744700000|  0%| F|  |TAMS 0x0000000744600000, 0x0000000744600000| Untracked 
|  49|0x0000000744700000, 0x0000000744700000, 0x0000000744800000|  0%| F|  |TAMS 0x0000000744700000, 0x0000000744700000| Untracked 
|  50|0x0000000744800000, 0x0000000744800000, 0x0000000744900000|  0%| F|  |TAMS 0x0000000744800000, 0x0000000744800000| Untracked 
|  51|0x0000000744900000, 0x0000000744900000, 0x0000000744a00000|  0%| F|  |TAMS 0x0000000744900000, 0x0000000744900000| Untracked 
|  52|0x0000000744a00000, 0x0000000744a00000, 0x0000000744b00000|  0%| F|  |TAMS 0x0000000744a00000, 0x0000000744a00000| Untracked 
|  53|0x0000000744b00000, 0x0000000744b00000, 0x0000000744c00000|  0%| F|  |TAMS 0x0000000744b00000, 0x0000000744b00000| Untracked 
|  54|0x0000000744c00000, 0x0000000744c00000, 0x0000000744d00000|  0%| F|  |TAMS 0x0000000744c00000, 0x0000000744c00000| Untracked 
|  55|0x0000000744d00000, 0x0000000744d00000, 0x0000000744e00000|  0%| F|  |TAMS 0x0000000744d00000, 0x0000000744d00000| Untracked 
|  56|0x0000000744e00000, 0x0000000744e00000, 0x0000000744f00000|  0%| F|  |TAMS 0x0000000744e00000, 0x0000000744e00000| Untracked 
|  57|0x0000000744f00000, 0x0000000744f00000, 0x0000000745000000|  0%| F|  |TAMS 0x0000000744f00000, 0x0000000744f00000| Untracked 
|  58|0x0000000745000000, 0x0000000745000000, 0x0000000745100000|  0%| F|  |TAMS 0x0000000745000000, 0x0000000745000000| Untracked 
|  59|0x0000000745100000, 0x0000000745100000, 0x0000000745200000|  0%| F|  |TAMS 0x0000000745100000, 0x0000000745100000| Untracked 
|  60|0x0000000745200000, 0x0000000745200000, 0x0000000745300000|  0%| F|  |TAMS 0x0000000745200000, 0x0000000745200000| Untracked 
|  61|0x0000000745300000, 0x0000000745300000, 0x0000000745400000|  0%| F|  |TAMS 0x0000000745300000, 0x0000000745300000| Untracked 
|  62|0x0000000745400000, 0x0000000745400000, 0x0000000745500000|  0%| F|  |TAMS 0x0000000745400000, 0x0000000745400000| Untracked 
|  63|0x0000000745500000, 0x0000000745500000, 0x0000000745600000|  0%| F|  |TAMS 0x0000000745500000, 0x0000000745500000| Untracked 
|  64|0x0000000745600000, 0x0000000745600000, 0x0000000745700000|  0%| F|  |TAMS 0x0000000745600000, 0x0000000745600000| Untracked 
|  65|0x0000000745700000, 0x0000000745700000, 0x0000000745800000|  0%| F|  |TAMS 0x0000000745700000, 0x0000000745700000| Untracked 
|  66|0x0000000745800000, 0x0000000745800000, 0x0000000745900000|  0%| F|  |TAMS 0x0000000745800000, 0x0000000745800000| Untracked 
|  67|0x0000000745900000, 0x0000000745900000, 0x0000000745a00000|  0%| F|  |TAMS 0x0000000745900000, 0x0000000745900000| Untracked 
|  68|0x0000000745a00000, 0x0000000745a00000, 0x0000000745b00000|  0%| F|  |TAMS 0x0000000745a00000, 0x0000000745a00000| Untracked 
|  69|0x0000000745b00000, 0x0000000745b00000, 0x0000000745c00000|  0%| F|  |TAMS 0x0000000745b00000, 0x0000000745b00000| Untracked 
|  70|0x0000000745c00000, 0x0000000745c00000, 0x0000000745d00000|  0%| F|  |TAMS 0x0000000745c00000, 0x0000000745c00000| Untracked 
|  71|0x0000000745d00000, 0x0000000745d00000, 0x0000000745e00000|  0%| F|  |TAMS 0x0000000745d00000, 0x0000000745d00000| Untracked 
|  72|0x0000000745e00000, 0x0000000745e00000, 0x0000000745f00000|  0%| F|  |TAMS 0x0000000745e00000, 0x0000000745e00000| Untracked 
|  73|0x0000000745f00000, 0x0000000745f00000, 0x0000000746000000|  0%| F|  |TAMS 0x0000000745f00000, 0x0000000745f00000| Untracked 
|  74|0x0000000746000000, 0x0000000746000000, 0x0000000746100000|  0%| F|  |TAMS 0x0000000746000000, 0x0000000746000000| Untracked 
|  75|0x0000000746100000, 0x0000000746200000, 0x0000000746200000|100%| S|  |TAMS 0x0000000746100000, 0x0000000746100000| Complete 
|  76|0x0000000746200000, 0x0000000746300000, 0x0000000746300000|100%| S|  |TAMS 0x0000000746200000, 0x0000000746200000| Complete 
|  77|0x0000000746300000, 0x0000000746400000, 0x0000000746400000|100%| E|CS|TAMS 0x0000000746300000, 0x0000000746300000| Complete 
|  78|0x0000000746400000, 0x0000000746500000, 0x0000000746500000|100%| E|CS|TAMS 0x0000000746400000, 0x0000000746400000| Complete 
|  79|0x0000000746500000, 0x0000000746600000, 0x0000000746600000|100%| E|CS|TAMS 0x0000000746500000, 0x0000000746500000| Complete 
|  80|0x0000000746600000, 0x0000000746700000, 0x0000000746700000|100%| E|CS|TAMS 0x0000000746600000, 0x0000000746600000| Complete 
|  81|0x0000000746700000, 0x0000000746800000, 0x0000000746800000|100%| E|CS|TAMS 0x0000000746700000, 0x0000000746700000| Complete 
|  82|0x0000000746800000, 0x0000000746900000, 0x0000000746900000|100%| E|CS|TAMS 0x0000000746800000, 0x0000000746800000| Complete 
|  83|0x0000000746900000, 0x0000000746a00000, 0x0000000746a00000|100%| E|CS|TAMS 0x0000000746900000, 0x0000000746900000| Complete 
|  84|0x0000000746a00000, 0x0000000746b00000, 0x0000000746b00000|100%| E|CS|TAMS 0x0000000746a00000, 0x0000000746a00000| Complete 
|  85|0x0000000746b00000, 0x0000000746c00000, 0x0000000746c00000|100%| E|CS|TAMS 0x0000000746b00000, 0x0000000746b00000| Complete 
|  86|0x0000000746c00000, 0x0000000746d00000, 0x0000000746d00000|100%| E|CS|TAMS 0x0000000746c00000, 0x0000000746c00000| Complete 
|  87|0x0000000746d00000, 0x0000000746e00000, 0x0000000746e00000|100%| E|CS|TAMS 0x0000000746d00000, 0x0000000746d00000| Complete 
|  88|0x0000000746e00000, 0x0000000746f00000, 0x0000000746f00000|100%| E|CS|TAMS 0x0000000746e00000, 0x0000000746e00000| Complete 
|  89|0x0000000746f00000, 0x0000000747000000, 0x0000000747000000|100%| E|CS|TAMS 0x0000000746f00000, 0x0000000746f00000| Complete 
|  90|0x0000000747000000, 0x0000000747100000, 0x0000000747100000|100%| E|CS|TAMS 0x0000000747000000, 0x0000000747000000| Complete 
|  91|0x0000000747100000, 0x0000000747200000, 0x0000000747200000|100%| E|CS|TAMS 0x0000000747100000, 0x0000000747100000| Complete 
|  92|0x0000000747200000, 0x0000000747300000, 0x0000000747300000|100%| E|CS|TAMS 0x0000000747200000, 0x0000000747200000| Complete 
|  93|0x0000000747300000, 0x0000000747400000, 0x0000000747400000|100%| E|CS|TAMS 0x0000000747300000, 0x0000000747300000| Complete 
|  94|0x0000000747400000, 0x0000000747500000, 0x0000000747500000|100%| E|CS|TAMS 0x0000000747400000, 0x0000000747400000| Complete 
|  95|0x0000000747500000, 0x0000000747600000, 0x0000000747600000|100%| E|CS|TAMS 0x0000000747500000, 0x0000000747500000| Complete 
|  96|0x0000000747600000, 0x0000000747700000, 0x0000000747700000|100%| E|CS|TAMS 0x0000000747600000, 0x0000000747600000| Complete 
|  97|0x0000000747700000, 0x0000000747800000, 0x0000000747800000|100%| E|CS|TAMS 0x0000000747700000, 0x0000000747700000| Complete 
|  98|0x0000000747800000, 0x0000000747900000, 0x0000000747900000|100%| E|CS|TAMS 0x0000000747800000, 0x0000000747800000| Complete 
|  99|0x0000000747900000, 0x0000000747a00000, 0x0000000747a00000|100%| E|CS|TAMS 0x0000000747900000, 0x0000000747900000| Complete 
| 100|0x0000000747a00000, 0x0000000747b00000, 0x0000000747b00000|100%| E|CS|TAMS 0x0000000747a00000, 0x0000000747a00000| Complete 
| 101|0x0000000747b00000, 0x0000000747c00000, 0x0000000747c00000|100%| E|CS|TAMS 0x0000000747b00000, 0x0000000747b00000| Complete 
| 102|0x0000000747c00000, 0x0000000747d00000, 0x0000000747d00000|100%| E|CS|TAMS 0x0000000747c00000, 0x0000000747c00000| Complete 
| 103|0x0000000747d00000, 0x0000000747e00000, 0x0000000747e00000|100%| E|CS|TAMS 0x0000000747d00000, 0x0000000747d00000| Complete 
| 104|0x0000000747e00000, 0x0000000747f00000, 0x0000000747f00000|100%| E|CS|TAMS 0x0000000747e00000, 0x0000000747e00000| Complete 
| 105|0x0000000747f00000, 0x0000000748000000, 0x0000000748000000|100%| E|CS|TAMS 0x0000000747f00000, 0x0000000747f00000| Complete 
| 106|0x0000000748000000, 0x0000000748100000, 0x0000000748100000|100%| E|CS|TAMS 0x0000000748000000, 0x0000000748000000| Complete 
| 107|0x0000000748100000, 0x0000000748200000, 0x0000000748200000|100%| E|CS|TAMS 0x0000000748100000, 0x0000000748100000| Complete 
| 108|0x0000000748200000, 0x0000000748300000, 0x0000000748300000|100%| E|CS|TAMS 0x0000000748200000, 0x0000000748200000| Complete 
| 109|0x0000000748300000, 0x0000000748400000, 0x0000000748400000|100%| E|CS|TAMS 0x0000000748300000, 0x0000000748300000| Complete 
| 110|0x0000000748400000, 0x0000000748500000, 0x0000000748500000|100%| E|CS|TAMS 0x0000000748400000, 0x0000000748400000| Complete 
| 111|0x0000000748500000, 0x0000000748600000, 0x0000000748600000|100%| E|CS|TAMS 0x0000000748500000, 0x0000000748500000| Complete 
| 112|0x0000000748600000, 0x0000000748700000, 0x0000000748700000|100%| E|CS|TAMS 0x0000000748600000, 0x0000000748600000| Complete 
| 113|0x0000000748700000, 0x0000000748800000, 0x0000000748800000|100%| E|CS|TAMS 0x0000000748700000, 0x0000000748700000| Complete 
| 114|0x0000000748800000, 0x0000000748900000, 0x0000000748900000|100%| E|CS|TAMS 0x0000000748800000, 0x0000000748800000| Complete 
| 115|0x0000000748900000, 0x0000000748a00000, 0x0000000748a00000|100%| E|CS|TAMS 0x0000000748900000, 0x0000000748900000| Complete 
| 116|0x0000000748a00000, 0x0000000748b00000, 0x0000000748b00000|100%| E|CS|TAMS 0x0000000748a00000, 0x0000000748a00000| Complete 
| 117|0x0000000748b00000, 0x0000000748c00000, 0x0000000748c00000|100%| E|CS|TAMS 0x0000000748b00000, 0x0000000748b00000| Complete 
| 118|0x0000000748c00000, 0x0000000748d00000, 0x0000000748d00000|100%| E|CS|TAMS 0x0000000748c00000, 0x0000000748c00000| Complete 
| 119|0x0000000748d00000, 0x0000000748d189b8, 0x0000000748e00000|  9%| E|CS|TAMS 0x0000000748d00000, 0x0000000748d00000| Complete 
| 120|0x0000000748e00000, 0x0000000748f00000, 0x0000000748f00000|100%| E|CS|TAMS 0x0000000748e00000, 0x0000000748e00000| Complete 
| 121|0x0000000748f00000, 0x0000000749000000, 0x0000000749000000|100%| E|CS|TAMS 0x0000000748f00000, 0x0000000748f00000| Complete 
| 122|0x0000000749000000, 0x0000000749100000, 0x0000000749100000|100%| E|CS|TAMS 0x0000000749000000, 0x0000000749000000| Complete 
| 123|0x0000000749100000, 0x0000000749200000, 0x0000000749200000|100%| E|CS|TAMS 0x0000000749100000, 0x0000000749100000| Complete 
| 124|0x0000000749200000, 0x0000000749300000, 0x0000000749300000|100%| E|CS|TAMS 0x0000000749200000, 0x0000000749200000| Complete 
| 125|0x0000000749300000, 0x0000000749400000, 0x0000000749400000|100%| E|CS|TAMS 0x0000000749300000, 0x0000000749300000| Complete 
| 126|0x0000000749400000, 0x0000000749500000, 0x0000000749500000|100%| E|CS|TAMS 0x0000000749400000, 0x0000000749400000| Complete 
| 127|0x0000000749500000, 0x0000000749600000, 0x0000000749600000|100%| E|CS|TAMS 0x0000000749500000, 0x0000000749500000| Complete 
| 128|0x0000000749600000, 0x0000000749700000, 0x0000000749700000|100%| E|CS|TAMS 0x0000000749600000, 0x0000000749600000| Complete 
| 129|0x0000000749700000, 0x0000000749800000, 0x0000000749800000|100%| E|CS|TAMS 0x0000000749700000, 0x0000000749700000| Complete 
| 130|0x0000000749800000, 0x0000000749900000, 0x0000000749900000|100%| E|CS|TAMS 0x0000000749800000, 0x0000000749800000| Complete 
| 131|0x0000000749900000, 0x0000000749a00000, 0x0000000749a00000|100%| E|CS|TAMS 0x0000000749900000, 0x0000000749900000| Complete 
| 132|0x0000000749a00000, 0x0000000749b00000, 0x0000000749b00000|100%| E|CS|TAMS 0x0000000749a00000, 0x0000000749a00000| Complete 
| 133|0x0000000749b00000, 0x0000000749c00000, 0x0000000749c00000|100%| E|CS|TAMS 0x0000000749b00000, 0x0000000749b00000| Complete 
| 134|0x0000000749c00000, 0x0000000749d00000, 0x0000000749d00000|100%| E|CS|TAMS 0x0000000749c00000, 0x0000000749c00000| Complete 
| 135|0x0000000749d00000, 0x0000000749e00000, 0x0000000749e00000|100%| E|CS|TAMS 0x0000000749d00000, 0x0000000749d00000| Complete 
| 136|0x0000000749e00000, 0x0000000749f00000, 0x0000000749f00000|100%| E|CS|TAMS 0x0000000749e00000, 0x0000000749e00000| Complete 
| 137|0x0000000749f00000, 0x000000074a000000, 0x000000074a000000|100%| E|CS|TAMS 0x0000000749f00000, 0x0000000749f00000| Complete 
| 138|0x000000074a000000, 0x000000074a100000, 0x000000074a100000|100%| E|CS|TAMS 0x000000074a000000, 0x000000074a000000| Complete 
| 139|0x000000074a100000, 0x000000074a200000, 0x000000074a200000|100%| E|CS|TAMS 0x000000074a100000, 0x000000074a100000| Complete 
| 140|0x000000074a200000, 0x000000074a300000, 0x000000074a300000|100%| E|CS|TAMS 0x000000074a200000, 0x000000074a200000| Complete 
| 141|0x000000074a300000, 0x000000074a400000, 0x000000074a400000|100%| E|CS|TAMS 0x000000074a300000, 0x000000074a300000| Complete 
| 142|0x000000074a400000, 0x000000074a500000, 0x000000074a500000|100%| E|CS|TAMS 0x000000074a400000, 0x000000074a400000| Complete 
| 143|0x000000074a500000, 0x000000074a600000, 0x000000074a600000|100%| E|CS|TAMS 0x000000074a500000, 0x000000074a500000| Complete 
| 144|0x000000074a600000, 0x000000074a700000, 0x000000074a700000|100%| E|CS|TAMS 0x000000074a600000, 0x000000074a600000| Complete 
| 145|0x000000074a700000, 0x000000074a800000, 0x000000074a800000|100%| E|CS|TAMS 0x000000074a700000, 0x000000074a700000| Complete 
| 146|0x000000074a800000, 0x000000074a900000, 0x000000074a900000|100%| E|CS|TAMS 0x000000074a800000, 0x000000074a800000| Complete 
| 147|0x000000074a900000, 0x000000074aa00000, 0x000000074aa00000|100%| E|CS|TAMS 0x000000074a900000, 0x000000074a900000| Complete 
| 148|0x000000074aa00000, 0x000000074ab00000, 0x000000074ab00000|100%| E|CS|TAMS 0x000000074aa00000, 0x000000074aa00000| Complete 
| 149|0x000000074ab00000, 0x000000074ac00000, 0x000000074ac00000|100%| E|CS|TAMS 0x000000074ab00000, 0x000000074ab00000| Complete 
| 150|0x000000074ac00000, 0x000000074ad00000, 0x000000074ad00000|100%| E|CS|TAMS 0x000000074ac00000, 0x000000074ac00000| Complete 
| 151|0x000000074ad00000, 0x000000074ae00000, 0x000000074ae00000|100%| E|CS|TAMS 0x000000074ad00000, 0x000000074ad00000| Complete 
| 152|0x000000074ae00000, 0x000000074af00000, 0x000000074af00000|100%| E|CS|TAMS 0x000000074ae00000, 0x000000074ae00000| Complete 
| 153|0x000000074af00000, 0x000000074b000000, 0x000000074b000000|100%| E|CS|TAMS 0x000000074af00000, 0x000000074af00000| Complete 
| 154|0x000000074b000000, 0x000000074b100000, 0x000000074b100000|100%| E|CS|TAMS 0x000000074b000000, 0x000000074b000000| Complete 
| 155|0x000000074b100000, 0x000000074b200000, 0x000000074b200000|100%| E|CS|TAMS 0x000000074b100000, 0x000000074b100000| Complete 
| 156|0x000000074b200000, 0x000000074b300000, 0x000000074b300000|100%| E|CS|TAMS 0x000000074b200000, 0x000000074b200000| Complete 
| 157|0x000000074b300000, 0x000000074b400000, 0x000000074b400000|100%| E|CS|TAMS 0x000000074b300000, 0x000000074b300000| Complete 
| 158|0x000000074b400000, 0x000000074b500000, 0x000000074b500000|100%| E|CS|TAMS 0x000000074b400000, 0x000000074b400000| Complete 
| 159|0x000000074b500000, 0x000000074b600000, 0x000000074b600000|100%| E|CS|TAMS 0x000000074b500000, 0x000000074b500000| Complete 
| 160|0x000000074b600000, 0x000000074b700000, 0x000000074b700000|100%| E|CS|TAMS 0x000000074b600000, 0x000000074b600000| Complete 
| 161|0x000000074b700000, 0x000000074b800000, 0x000000074b800000|100%| E|CS|TAMS 0x000000074b700000, 0x000000074b700000| Complete 
| 162|0x000000074b800000, 0x000000074b900000, 0x000000074b900000|100%| E|CS|TAMS 0x000000074b800000, 0x000000074b800000| Complete 
| 163|0x000000074b900000, 0x000000074ba00000, 0x000000074ba00000|100%| E|CS|TAMS 0x000000074b900000, 0x000000074b900000| Complete 
| 164|0x000000074ba00000, 0x000000074bb00000, 0x000000074bb00000|100%| E|CS|TAMS 0x000000074ba00000, 0x000000074ba00000| Complete 
| 165|0x000000074bb00000, 0x000000074bc00000, 0x000000074bc00000|100%| E|CS|TAMS 0x000000074bb00000, 0x000000074bb00000| Complete 
| 166|0x000000074bc00000, 0x000000074bd00000, 0x000000074bd00000|100%| E|CS|TAMS 0x000000074bc00000, 0x000000074bc00000| Complete 
| 167|0x000000074bd00000, 0x000000074be00000, 0x000000074be00000|100%| E|CS|TAMS 0x000000074bd00000, 0x000000074bd00000| Complete 
| 168|0x000000074be00000, 0x000000074bf00000, 0x000000074bf00000|100%| E|CS|TAMS 0x000000074be00000, 0x000000074be00000| Complete 
| 169|0x000000074bf00000, 0x000000074c000000, 0x000000074c000000|100%| E|CS|TAMS 0x000000074bf00000, 0x000000074bf00000| Complete 
| 170|0x000000074c000000, 0x000000074c100000, 0x000000074c100000|100%| E|CS|TAMS 0x000000074c000000, 0x000000074c000000| Complete 
| 171|0x000000074c100000, 0x000000074c200000, 0x000000074c200000|100%| E|CS|TAMS 0x000000074c100000, 0x000000074c100000| Complete 
| 172|0x000000074c200000, 0x000000074c300000, 0x000000074c300000|100%| E|CS|TAMS 0x000000074c200000, 0x000000074c200000| Complete 
| 173|0x000000074c300000, 0x000000074c400000, 0x000000074c400000|100%| E|CS|TAMS 0x000000074c300000, 0x000000074c300000| Complete 
| 174|0x000000074c400000, 0x000000074c500000, 0x000000074c500000|100%| E|CS|TAMS 0x000000074c400000, 0x000000074c400000| Complete 
| 175|0x000000074c500000, 0x000000074c600000, 0x000000074c600000|100%| E|CS|TAMS 0x000000074c500000, 0x000000074c500000| Complete 
| 176|0x000000074c600000, 0x000000074c700000, 0x000000074c700000|100%| E|CS|TAMS 0x000000074c600000, 0x000000074c600000| Complete 
| 177|0x000000074c700000, 0x000000074c800000, 0x000000074c800000|100%| E|CS|TAMS 0x000000074c700000, 0x000000074c700000| Complete 
| 178|0x000000074c800000, 0x000000074c900000, 0x000000074c900000|100%| E|CS|TAMS 0x000000074c800000, 0x000000074c800000| Complete 
| 179|0x000000074c900000, 0x000000074ca00000, 0x000000074ca00000|100%| E|CS|TAMS 0x000000074c900000, 0x000000074c900000| Complete 
| 180|0x000000074ca00000, 0x000000074cb00000, 0x000000074cb00000|100%| E|CS|TAMS 0x000000074ca00000, 0x000000074ca00000| Complete 
| 181|0x000000074cb00000, 0x000000074cc00000, 0x000000074cc00000|100%| E|CS|TAMS 0x000000074cb00000, 0x000000074cb00000| Complete 
| 182|0x000000074cc00000, 0x000000074cd00000, 0x000000074cd00000|100%| E|CS|TAMS 0x000000074cc00000, 0x000000074cc00000| Complete 
| 183|0x000000074cd00000, 0x000000074ce00000, 0x000000074ce00000|100%| E|CS|TAMS 0x000000074cd00000, 0x000000074cd00000| Complete 
| 184|0x000000074ce00000, 0x000000074cf00000, 0x000000074cf00000|100%| E|CS|TAMS 0x000000074ce00000, 0x000000074ce00000| Complete 
| 185|0x000000074cf00000, 0x000000074d000000, 0x000000074d000000|100%| E|CS|TAMS 0x000000074cf00000, 0x000000074cf00000| Complete 
| 186|0x000000074d000000, 0x000000074d100000, 0x000000074d100000|100%| E|CS|TAMS 0x000000074d000000, 0x000000074d000000| Complete 
| 187|0x000000074d100000, 0x000000074d200000, 0x000000074d200000|100%| E|CS|TAMS 0x000000074d100000, 0x000000074d100000| Complete 
| 188|0x000000074d200000, 0x000000074d300000, 0x000000074d300000|100%| E|CS|TAMS 0x000000074d200000, 0x000000074d200000| Complete 
| 189|0x000000074d300000, 0x000000074d400000, 0x000000074d400000|100%| E|CS|TAMS 0x000000074d300000, 0x000000074d300000| Complete 
| 190|0x000000074d400000, 0x000000074d500000, 0x000000074d500000|100%| E|CS|TAMS 0x000000074d400000, 0x000000074d400000| Complete 
| 191|0x000000074d500000, 0x000000074d600000, 0x000000074d600000|100%| E|CS|TAMS 0x000000074d500000, 0x000000074d500000| Complete 

Card table byte_map: [0x000001e323680000,0x000001e323c80000] _byte_map_base: 0x000001e31fc75000

Marking Bits (Prev, Next): (CMBitMap*) 0x000001e30bc0cb68, (CMBitMap*) 0x000001e30bc0cba0
 Prev Bits: [0x000001e324280000, 0x000001e327228000)
 Next Bits: [0x000001e327230000, 0x000001e32a1d8000)

Polling page: 0x000001e30b3a0000

Metaspace:

Usage:
  Non-class:      7.55 MB capacity,     7.38 MB ( 98%) used,   167.19 KB (  2%) free+waste,     9.31 KB ( <1%) overhead. 
      Class:    772.00 KB capacity,   733.65 KB ( 95%) used,    33.91 KB (  4%) free+waste,     4.44 KB ( <1%) overhead. 
       Both:      8.31 MB capacity,     8.10 MB ( 97%) used,   201.10 KB (  2%) free+waste,    13.75 KB ( <1%) overhead. 

Virtual space:
  Non-class space:        8.00 MB reserved,       7.75 MB ( 97%) committed 
      Class space:        1.00 GB reserved,     896.00 KB ( <1%) committed 
             Both:        1.01 GB reserved,       8.63 MB ( <1%) committed 

Chunk freelists:
   Non-Class:  1.38 KB
       Class:  0 bytes
        Both:  1.38 KB

CodeHeap 'non-profiled nmethods': size=120064Kb used=288Kb max_used=288Kb free=119775Kb
 bounds [0x000001e31bb40000, 0x000001e31bdb0000, 0x000001e323080000]
CodeHeap 'profiled nmethods': size=120000Kb used=1212Kb max_used=1212Kb free=118787Kb
 bounds [0x000001e314610000, 0x000001e314880000, 0x000001e31bb40000]
CodeHeap 'non-nmethods': size=5696Kb used=1080Kb max_used=1110Kb free=4615Kb
 bounds [0x000001e314080000, 0x000001e3142f0000, 0x000001e314610000]
 total_blobs=969 nmethods=602 adapters=278
 compilation: enabled
              stopped_count=0, restarted_count=0
 full_count=0

Compilation events (10 events):
Event: 20.256 Thread 0x000001e32d72e800  598       4       java.lang.AbstractStringBuilder::reverse (86 bytes)
Event: 20.258 Thread 0x000001e32d72e800 nmethod 598 0x000001e31bb75890 code [0x000001e31bb75a20, 0x000001e31bb75b78]
Event: 20.323 Thread 0x000001e32cf7e000  599 %     3       numbers.Main::main @ 491 (1081 bytes)
Event: 20.376 Thread 0x000001e32cf7e000 nmethod 599% 0x000001e3146e4810 code [0x000001e3146e72c0, 0x000001e314707128]
Event: 20.380 Thread 0x000001e32cf7e000  600       3       numbers.Main::main (1081 bytes)
Event: 20.421 Thread 0x000001e32cf7e000 nmethod 600 0x000001e314711d90 code [0x000001e314714840, 0x000001e314734608]
Event: 20.488 Thread 0x000001e32cf78800 nmethod 588 0x000001e31bb75c90 code [0x000001e31bb760a0, 0x000001e31bb7b6e0]
Event: 20.488 Thread 0x000001e32cf78800  601       4       jdk.internal.misc.Unsafe::allocateUninitializedArray (52 bytes)
Event: 20.490 Thread 0x000001e32cf78800 nmethod 601 0x000001e31bb7e010 code [0x000001e31bb7e1a0, 0x000001e31bb7e338]
Event: 20.490 Thread 0x000001e32cf78800  602 %     4       numbers.Main::main @ 491 (1081 bytes)

GC Heap History (9 events):
Event: 20.196 GC heap before
{Heap before GC invocations=0 (full 0):
 garbage-first heap   total 196608K, used 14336K [0x0000000741600000, 0x0000000800000000)
  region size 1024K, 14 young (14336K), 0 survivors (0K)
 Metaspace       used 8274K, capacity 8505K, committed 8832K, reserved 1056768K
  class space    used 733K, capacity 772K, committed 896K, reserved 1048576K
}
Event: 20.201 GC heap after
{Heap after GC invocations=1 (full 0):
 garbage-first heap   total 196608K, used 2923K [0x0000000741600000, 0x0000000800000000)
  region size 1024K, 2 young (2048K), 2 survivors (2048K)
 Metaspace       used 8274K, capacity 8505K, committed 8832K, reserved 1056768K
  class space    used 733K, capacity 772K, committed 896K, reserved 1048576K
}
Event: 20.297 GC heap before
{Heap before GC invocations=1 (full 0):
 garbage-first heap   total 196608K, used 45931K [0x0000000741600000, 0x0000000800000000)
  region size 1024K, 44 young (45056K), 2 survivors (2048K)
 Metaspace       used 8275K, capacity 8505K, committed 8832K, reserved 1056768K
  class space    used 733K, capacity 772K, committed 896K, reserved 1048576K
}
Event: 20.299 GC heap after
{Heap after GC invocations=2 (full 0):
 garbage-first heap   total 196608K, used 2923K [0x0000000741600000, 0x0000000800000000)
  region size 1024K, 2 young (2048K), 2 survivors (2048K)
 Metaspace       used 8275K, capacity 8505K, committed 8832K, reserved 1056768K
  class space    used 733K, capacity 772K, committed 896K, reserved 1048576K
}
Event: 20.377 GC heap before
{Heap before GC invocations=2 (full 0):
 garbage-first heap   total 196608K, used 55147K [0x0000000741600000, 0x0000000800000000)
  region size 1024K, 53 young (54272K), 2 survivors (2048K)
 Metaspace       used 8290K, capacity 8505K, committed 8832K, reserved 1056768K
  class space    used 733K, capacity 772K, committed 896K, reserved 1048576K
}
Event: 20.379 GC heap after
{Heap after GC invocations=3 (full 0):
 garbage-first heap   total 196608K, used 3187K [0x0000000741600000, 0x0000000800000000)
  region size 1024K, 3 young (3072K), 3 survivors (3072K)
 Metaspace       used 8290K, capacity 8505K, committed 8832K, reserved 1056768K
  class space    used 733K, capacity 772K, committed 896K, reserved 1048576K
}
Event: 20.526 GC heap before
{Heap before GC invocations=3 (full 0):
 garbage-first heap   total 196608K, used 71795K [0x0000000741600000, 0x0000000800000000)
  region size 1024K, 70 young (71680K), 3 survivors (3072K)
 Metaspace       used 8290K, capacity 8505K, committed 8832K, reserved 1056768K
  class space    used 733K, capacity 772K, committed 896K, reserved 1048576K
}
Event: 20.528 GC heap after
{Heap after GC invocations=4 (full 0):
 garbage-first heap   total 196608K, used 3021K [0x0000000741600000, 0x0000000800000000)
  region size 1024K, 3 young (3072K), 3 survivors (3072K)
 Metaspace       used 8290K, capacity 8505K, committed 8832K, reserved 1056768K
  class space    used 733K, capacity 772K, committed 896K, reserved 1048576K
}
Event: 20.780 GC heap before
{Heap before GC invocations=4 (full 0):
 garbage-first heap   total 196608K, used 117709K [0x0000000741600000, 0x0000000800000000)
  region size 1024K, 115 young (117760K), 3 survivors (3072K)
 Metaspace       used 8290K, capacity 8505K, committed 8832K, reserved 1056768K
  class space    used 733K, capacity 772K, committed 896K, reserved 1048576K
}

Deoptimization events (10 events):
Event: 0.221 Thread 0x000001e30bbbb800 Uncommon trap: reason=unstable_if action=reinterpret pc=0x000001e31bb4d514 method=java.util.HashMap.putVal(ILjava/lang/Object;Ljava/lang/Object;ZZ)Ljava/lang/Object; @ 181 c2
Event: 0.289 Thread 0x000001e30bbbb800 Uncommon trap: reason=unstable_if action=reinterpret pc=0x000001e31bb42a14 method=java.lang.String.isLatin1()Z @ 10 c2
Event: 6.793 Thread 0x000001e30bbbb800 Uncommon trap: reason=bimorphic_or_optimized_type_check action=maybe_recompile pc=0x000001e31bb4af94 method=java.util.AbstractCollection.isEmpty()Z @ 1 c2
Event: 6.793 Thread 0x000001e30bbbb800 Uncommon trap: reason=bimorphic_or_optimized_type_check action=maybe_recompile pc=0x000001e31bb4af94 method=java.util.AbstractCollection.isEmpty()Z @ 1 c2
Event: 6.795 Thread 0x000001e30bbbb800 Uncommon trap: reason=bimorphic_or_optimized_type_check action=maybe_recompile pc=0x000001e31bb4af94 method=java.util.AbstractCollection.isEmpty()Z @ 1 c2
Event: 6.795 Thread 0x000001e30bbbb800 Uncommon trap: reason=bimorphic_or_optimized_type_check action=maybe_recompile pc=0x000001e31bb4af94 method=java.util.AbstractCollection.isEmpty()Z @ 1 c2
Event: 20.380 Thread 0x000001e30bbbb800 Uncommon trap: reason=class_check action=maybe_recompile pc=0x000001e31bb74834 method=jdk.internal.misc.Unsafe.allocateUninitializedArray(Ljava/lang/Class;I)Ljava/lang/Object; @ 48 c2
Event: 20.380 Thread 0x000001e30bbbb800 Uncommon trap: reason=class_check action=maybe_recompile pc=0x000001e31bb74834 method=jdk.internal.misc.Unsafe.allocateUninitializedArray(Ljava/lang/Class;I)Ljava/lang/Object; @ 48 c2
Event: 20.381 Thread 0x000001e30bbbb800 Uncommon trap: reason=class_check action=maybe_recompile pc=0x000001e31bb74834 method=jdk.internal.misc.Unsafe.allocateUninitializedArray(Ljava/lang/Class;I)Ljava/lang/Object; @ 48 c2
Event: 20.381 Thread 0x000001e30bbbb800 Uncommon trap: reason=class_check action=maybe_recompile pc=0x000001e31bb74834 method=jdk.internal.misc.Unsafe.allocateUninitializedArray(Ljava/lang/Class;I)Ljava/lang/Object; @ 48 c2

Classes redefined (0 events):
No events

Internal exceptions (5 events):
Event: 0.304 Thread 0x000001e30bbbb800 Exception <a 'java/lang/NoSuchMethodError'{0x000000074d172d38}: java.lang.invoke.DirectMethodHandle$Holder.invokeSpecialIFC(Ljava/lang/Object;Ljava/lang/Object;I)I> (0x000000074d172d38) thrown at [./open/src/hotspot/share/interpreter/linkResolver.cpp, lin
Event: 6.804 Thread 0x000001e30bbbb800 Exception <a 'java/lang/NoSuchMethodError'{0x000000074cf23eb8}: java.lang.invoke.DirectMethodHandle$Holder.invokeStatic(Ljava/lang/Object;Ljava/lang/Object;Ljava/lang/Object;Ljava/lang/Object;Ljava/lang/Object;Ljava/lang/Object;Ljava/lang/Object;Ljava/lan
Event: 6.809 Thread 0x000001e30bbbb800 Exception <a 'java/lang/NoSuchMethodError'{0x000000074cf43310}: java.lang.invoke.DirectMethodHandle$Holder.invokeStatic(Ljava/lang/Object;Ljava/lang/Object;Ljava/lang/Object;Ljava/lang/Object;Ljava/lang/Object;Ljava/lang/Object;Ljava/lang/Object;Ljava/lan
Event: 6.811 Thread 0x000001e30bbbb800 Exception <a 'java/lang/NoSuchMethodError'{0x000000074cf628e0}: java.lang.invoke.DirectMethodHandle$Holder.invokeStatic(Ljava/lang/Object;Ljava/lang/Object;Ljava/lang/Object;Ljava/lang/Object;Ljava/lang/Object;Ljava/lang/Object;Ljava/lang/Object;Ljava/lan
Event: 6.813 Thread 0x000001e30bbbb800 Exception <a 'java/lang/NoSuchMethodError'{0x000000074cf83220}: java.lang.invoke.DirectMethodHandle$Holder.invokeStatic(Ljava/lang/Object;Ljava/lang/Object;Ljava/lang/Object;Ljava/lang/Object;Ljava/lang/Object;Ljava/lang/Object;Ljava/lang/Object;Ljava/lan

Events (10 events):
Event: 20.381 Thread 0x000001e30bbbb800 DEOPT UNPACKING pc=0x000001e3140a68af sp=0x00000006591fee88 mode 2
Event: 20.381 Thread 0x000001e30bbbb800 Uncommon trap: trap_request=0xffffffde fr.pc=0x000001e31bb74834 relative=0x0000000000000114
Event: 20.381 Thread 0x000001e30bbbb800 DEOPT PACKING pc=0x000001e31bb74834 sp=0x00000006591fef00
Event: 20.381 Thread 0x000001e30bbbb800 DEOPT UNPACKING pc=0x000001e3140a68af sp=0x00000006591fee88 mode 2
Event: 20.381 Thread 0x000001e30bbbb800 Uncommon trap: trap_request=0xffffffde fr.pc=0x000001e31bb74834 relative=0x0000000000000114
Event: 20.381 Thread 0x000001e30bbbb800 DEOPT PACKING pc=0x000001e31bb74834 sp=0x00000006591fef00
Event: 20.381 Thread 0x000001e30bbbb800 DEOPT UNPACKING pc=0x000001e3140a68af sp=0x00000006591fee88 mode 2
Event: 20.526 Executing VM operation: G1CollectForAllocation
Event: 20.528 Executing VM operation: G1CollectForAllocation done
Event: 20.780 Executing VM operation: G1CollectForAllocation


Dynamic libraries:
0x00007ff7b1e00000 - 0x00007ff7b1e0f000 	D:\Program Files\Java\jdk-11.0.12\bin\java.exe
0x00007fff9b2d0000 - 0x00007fff9b4c5000 	C:\Windows\SYSTEM32\ntdll.dll
0x00007fff99b20000 - 0x00007fff99bde000 	C:\Windows\System32\KERNEL32.DLL
0x00007fff98cd0000 - 0x00007fff98f98000 	C:\Windows\System32\KERNELBASE.dll
0x00007fff98b70000 - 0x00007fff98c70000 	C:\Windows\System32\ucrtbase.dll
0x00007fff944d0000 - 0x00007fff944e8000 	D:\Program Files\Java\jdk-11.0.12\bin\jli.dll
0x00007fff94470000 - 0x00007fff94485000 	D:\Program Files\Java\jdk-11.0.12\bin\VCRUNTIME140.dll
0x00007fff99ef0000 - 0x00007fff99f9c000 	C:\Windows\System32\ADVAPI32.dll
0x00007fff9b1c0000 - 0x00007fff9b25e000 	C:\Windows\System32\msvcrt.dll
0x00007fff99df0000 - 0x00007fff99e8b000 	C:\Windows\System32\sechost.dll
0x00007fff9aca0000 - 0x00007fff9adca000 	C:\Windows\System32\RPCRT4.dll
0x00007fff9b010000 - 0x00007fff9b1b1000 	C:\Windows\System32\USER32.dll
0x00007fff992c0000 - 0x00007fff992e2000 	C:\Windows\System32\win32u.dll
0x00007fff9a370000 - 0x00007fff9a39b000 	C:\Windows\System32\GDI32.dll
0x00007fff889c0000 - 0x00007fff88c5a000 	C:\Windows\WinSxS\amd64_microsoft.windows.common-controls_6595b64144ccf1df_6.0.19041.1110_none_60b5254171f9507e\COMCTL32.dll
0x00007fff99060000 - 0x00007fff9916b000 	C:\Windows\System32\gdi32full.dll
0x00007fff99170000 - 0x00007fff9920d000 	C:\Windows\System32\msvcp_win.dll
0x00007fff90c90000 - 0x00007fff90c9a000 	C:\Windows\SYSTEM32\VERSION.dll
0x00007fff99770000 - 0x00007fff997a0000 	C:\Windows\System32\IMM32.DLL
0x00007fff79ab0000 - 0x00007fff79b4b000 	D:\Program Files\Java\jdk-11.0.12\bin\msvcp140.dll
0x00007fff3f370000 - 0x00007fff3fe6f000 	D:\Program Files\Java\jdk-11.0.12\bin\server\jvm.dll
0x00007fff9ae30000 - 0x00007fff9ae38000 	C:\Windows\System32\PSAPI.DLL
0x00007fff95f60000 - 0x00007fff95f69000 	C:\Windows\SYSTEM32\WSOCK32.dll
0x00007fff9ae40000 - 0x00007fff9aeab000 	C:\Windows\System32\WS2_32.dll
0x00007fff7bed0000 - 0x00007fff7bef7000 	C:\Windows\SYSTEM32\WINMM.dll
0x00007fff968c0000 - 0x00007fff968d2000 	C:\Windows\SYSTEM32\kernel.appcore.dll
0x00007fff94690000 - 0x00007fff946a0000 	D:\Program Files\Java\jdk-11.0.12\bin\verify.dll
0x00007fff84230000 - 0x00007fff84414000 	C:\Windows\SYSTEM32\DBGHELP.DLL
0x00007fff84200000 - 0x00007fff8422c000 	C:\Windows\SYSTEM32\dbgcore.DLL
0x00007fff98fd0000 - 0x00007fff99053000 	C:\Windows\System32\bcryptPrimitives.dll
0x00007fff94440000 - 0x00007fff94468000 	D:\Program Files\Java\jdk-11.0.12\bin\java.dll
0x00007fff94430000 - 0x00007fff9443a000 	D:\Program Files\Java\jdk-11.0.12\bin\jimage.dll
0x00007fff93e20000 - 0x00007fff93e2e000 	D:\Program Files\Java\jdk-11.0.12\bin\instrument.dll
0x00007fff94410000 - 0x00007fff94426000 	D:\Program Files\Java\jdk-11.0.12\bin\zip.dll
0x00007fff9a3a0000 - 0x00007fff9aadf000 	C:\Windows\System32\SHELL32.dll
0x00007fff96ac0000 - 0x00007fff97250000 	C:\Windows\SYSTEM32\windows.storage.dll
0x00007fff9a010000 - 0x00007fff9a365000 	C:\Windows\System32\combase.dll
0x00007fff98340000 - 0x00007fff9836e000 	C:\Windows\SYSTEM32\Wldp.dll
0x00007fff997a0000 - 0x00007fff9984d000 	C:\Windows\System32\SHCORE.dll
0x00007fff9add0000 - 0x00007fff9ae25000 	C:\Windows\System32\shlwapi.dll
0x00007fff98900000 - 0x00007fff9891f000 	C:\Windows\SYSTEM32\profapi.dll
0x00007fff93e00000 - 0x00007fff93e19000 	D:\Program Files\Java\jdk-11.0.12\bin\net.dll
0x00007fff8eaf0000 - 0x00007fff8ebfc000 	C:\Windows\SYSTEM32\WINHTTP.dll
0x00007fff980a0000 - 0x00007fff9810a000 	C:\Windows\system32\mswsock.dll
0x00007fff93ad0000 - 0x00007fff93ae2000 	D:\Program Files\Java\jdk-11.0.12\bin\nio.dll
0x00007fff93920000 - 0x00007fff9393a000 	D:\Program Files\JetBrains\IntelliJ IDEA Community Edition 2021.2.1\bin\breakgen64.dll

dbghelp: loaded successfully - version: 4.0.5 - missing functions: none
symbol engine: initialized successfully - sym options: 0x614 - pdb path: .;D:\Program Files\Java\jdk-11.0.12\bin;C:\Windows\SYSTEM32;C:\Windows\WinSxS\amd64_microsoft.windows.common-controls_6595b64144ccf1df_6.0.19041.1110_none_60b5254171f9507e;D:\Program Files\Java\jdk-11.0.12\bin\server;D:\Program Files\JetBrains\IntelliJ IDEA Community Edition 2021.2.1\bin

VM Arguments:
jvm_args: -javaagent:D:\Program Files\JetBrains\IntelliJ IDEA Community Edition 2021.2.1\lib\idea_rt.jar=56908:D:\Program Files\JetBrains\IntelliJ IDEA Community Edition 2021.2.1\bin -Dfile.encoding=UTF-8 
java_command: numbers.Main
java_class_path (initial): D:\alber\Documents\PROJETOS DE COMPUTACAO\Java\Basico\scratchBook\out\production\scratchBook;D:\alber\Documents\PROJETOS DE COMPUTACAO\Java\Basico\scratchBook\lib\groovy-astbuilder-4.0.0-beta-1.jar;D:\alber\Documents\PROJETOS DE COMPUTACAO\Java\Basico\scratchBook\lib\groovy-cli-commons-4.0.0-beta-1.jar;D:\alber\Documents\PROJETOS DE COMPUTACAO\Java\Basico\scratchBook\lib\groovy-ant-4.0.0-beta-1.jar;D:\alber\Documents\PROJETOS DE COMPUTACAO\Java\Basico\scratchBook\lib\groovy-cli-picocli-4.0.0-beta-1.jar;D:\alber\Documents\PROJETOS DE COMPUTACAO\Java\Basico\scratchBook\lib\groovy-contracts-4.0.0-beta-1.jar;D:\alber\Documents\PROJETOS DE COMPUTACAO\Java\Basico\scratchBook\lib\groovy-datetime-4.0.0-beta-1.jar;D:\alber\Documents\PROJETOS DE COMPUTACAO\Java\Basico\scratchBook\lib\groovy-dateutil-4.0.0-beta-1.jar;D:\alber\Documents\PROJETOS DE COMPUTACAO\Java\Basico\scratchBook\lib\groovy-4.0.0-beta-1.jar;D:\alber\Documents\PROJETOS DE COMPUTACAO\Java\Basico\scratchBook\lib\groovy-docgenerator-4.0.0-beta-1.jar;D:\alber\Documents\PROJETOS DE COMPUTACAO\Java\Basico\scratchBook\lib\groovy-groovydoc-4.0.0-beta-1.jar;D:\alber\Documents\PROJETOS DE COMPUTACAO\Java\Basico\scratchBook\lib\groovy-console-4.0.0-beta-1.jar;D:\alber\Documents\PROJETOS DE COMPUTACAO\Java\Basico\scratchBook\lib\groovy-groovysh-4.0.0-beta-1.jar;D:\alber\Documents\PROJETOS DE COMPUTACAO\Java\Basico\scratchBook\lib\groovy-jmx-4.0.0-beta-1.jar;D:\alber\Documents\PROJETOS DE COMPUTACAO\Java\Basico\scratchBook\lib\groovy-json-4.0.0-beta-1.jar;D:\alber\Documents\PROJETOS DE COMPUTACAO\Java\Basico\scratchBook\lib\groovy-ginq-4.0.0-beta-1.jar;D:\alber\Documents\PROJETOS DE COMPUTACAO\Java\Basico\scratchBook\lib\groovy-jsr223-4.0.0-beta-1.jar;D:\alber\Documents\PROJETOS DE COMPUTACAO\Java\Basico\scratchBook\lib\groovy-macro-library-4.0.0-beta-1.jar;D:\alber\Documents\PROJETOS DE COMPUTACAO\Java\Basico\scratchBook\lib\groovy-servlet-4.0.0-beta-1.jar;D:\alber\Documents\PROJETOS DE COMPU
Launcher Type: SUN_STANDARD

[Global flags]
     intx CICompilerCount                          = 3                                         {product} {ergonomic}
     uint ConcGCThreads                            = 1                                         {product} {ergonomic}
     uint G1ConcRefinementThreads                  = 4                                         {product} {ergonomic}
   size_t G1HeapRegionSize                         = 1048576                                   {product} {ergonomic}
    uintx GCDrainStackTargetSize                   = 64                                        {product} {ergonomic}
   size_t InitialHeapSize                          = 201326592                                 {product} {ergonomic}
   size_t MarkStackSize                            = 4194304                                   {product} {ergonomic}
   size_t MaxHeapSize                              = 3198156800                                {product} {ergonomic}
   size_t MaxNewSize                               = 1918894080                                {product} {ergonomic}
   size_t MinHeapDeltaBytes                        = 1048576                                   {product} {ergonomic}
    uintx NonNMethodCodeHeapSize                   = 5830732                                {pd product} {ergonomic}
    uintx NonProfiledCodeHeapSize                  = 122913754                              {pd product} {ergonomic}
    uintx ProfiledCodeHeapSize                     = 122913754                              {pd product} {ergonomic}
    uintx ReservedCodeCacheSize                    = 251658240                              {pd product} {ergonomic}
     bool SegmentedCodeCache                       = true                                      {product} {ergonomic}
     bool UseCompressedClassPointers               = true                                 {lp64_product} {ergonomic}
     bool UseCompressedOops                        = true                                 {lp64_product} {ergonomic}
     bool UseG1GC                                  = true                                      {product} {ergonomic}
     bool UseLargePagesIndividualAllocation        = false                                  {pd product} {ergonomic}

Logging:
Log output configuration:
 #0: stdout all=warning uptime,level,tags
 #1: stderr all=off uptime,level,tags

Environment Variables:
PATH=D:\Program Files\Gradle\gradle-5.3.1\bin;C:\Program Files\Common Files\Oracle\Java\javapath;C:\Program Files (x86)\Common Files\Oracle\Java\javapath;C:\Program Files (x86)\VMware\VMware Player\bin\;C:\Windows\system32;C:\Windows;C:\Windows\System32\Wbem;C:\Windows\System32\WindowsPowerShell\v1.0\;C:\Windows\System32\OpenSSH\;D:\Program Files\PuTTY\;D:\Program Files\Git\cmd;D:\Program Files\nodejs\;C:\ProgramData\chocolatey\bin;D:\Program Files (x86)\dotnet-core-uninstall\;C:\Users\alber\AppData\Local\Microsoft\WindowsApps;;D:\Program Files\JetBrains\IntelliJ IDEA Community Edition 2021.2.1\bin;;C:\Users\alber\AppData\Roaming\npm;D:\Program Files\JetBrains\WebStorm 2021.2.1\bin;
USERNAME=alber
OS=Windows_NT
PROCESSOR_IDENTIFIER=Intel64 Family 6 Model 78 Stepping 3, GenuineIntel



---------------  S Y S T E M  ---------------

OS: Windows 10 , 64 bit Build 19041 (10.0.19041.1348)

CPU:total 4 (initial active 4) (2 cores per cpu, 2 threads per core) family 6 model 78 stepping 3 microcode 0xcc, cmov, cx8, fxsr, mmx, sse, sse2, sse3, ssse3, sse4.1, sse4.2, popcnt, avx, avx2, aes, clmul, erms, 3dnowpref, lzcnt, ht, tsc, tscinvbit, bmi1, bmi2, adx, fma

Memory: 4k page, system-wide physical 12193M (5055M free)
TotalPageFile size 24481M (AvailPageFile size 16200M)
current process WorkingSet (physical memory assigned to process): 173M, peak: 173M
current process commit charge ("private bytes"): 283M, peak: 296M

vm_info: Java HotSpot(TM) 64-Bit Server VM (11.0.12+8-LTS-237) for windows-amd64 JRE (11.0.12+8-LTS-237), built on Jun  8 2021 11:25:59 by "mach5one" with MS VC++ 15.9 (VS2017)

END.
